<?xml version="1.0" encoding="UTF-8"?>
<testng-results ignored="0" total="1" passed="1" failed="0" skipped="0">
  <reporter-output>
    <line>
      <![CDATA[PASS :: Searched Lead Number is Displayed]]>
    </line>
  </reporter-output>
  <suite started-at="2021-05-09T19:40:37 PDT" name="Default suite" finished-at="2021-05-09T19:41:30 PDT" duration-ms="52658">
    <groups>
    </groups>
    <test started-at="2021-05-09T19:40:37 PDT" name="Default test" finished-at="2021-05-09T19:41:30 PDT" duration-ms="52658">
      <class name="com.crm.vtiger.TestCaseWithPom.TC_37_SearchLeadByLeadNumber_Test">
        <test-method is-config="true" signature="configBS()[pri:0, instance:com.crm.vtiger.TestCaseWithPom.TC_37_SearchLeadByLeadNumber_Test@78e117e3]" started-at="2021-05-09T19:40:37 PDT" name="configBS" finished-at="2021-05-09T19:40:37 PDT" duration-ms="22" status="PASS">
          <reporter-output>
          </reporter-output>
        </test-method> <!-- configBS -->
        <test-method is-config="true" signature="configBT()[pri:0, instance:com.crm.vtiger.TestCaseWithPom.TC_37_SearchLeadByLeadNumber_Test@78e117e3]" started-at="2021-05-09T19:40:37 PDT" name="configBT" finished-at="2021-05-09T19:40:37 PDT" duration-ms="1" status="PASS">
          <reporter-output>
          </reporter-output>
        </test-method> <!-- configBT -->
        <test-method is-config="true" signature="configBC(java.lang.String)[pri:0, instance:com.crm.vtiger.TestCaseWithPom.TC_37_SearchLeadByLeadNumber_Test@78e117e3]" started-at="2021-05-09T19:40:37 PDT" name="configBC" finished-at="2021-05-09T19:40:46 PDT" duration-ms="9297" status="PASS">
          <params>
            <param index="0">
              <value>
                <![CDATA[chrome]]>
              </value>
            </param>
          </params>
          <reporter-output>
          </reporter-output>
        </test-method> <!-- configBC -->
        <test-method is-config="true" signature="setUp()[pri:0, instance:com.crm.vtiger.TestCaseWithPom.TC_37_SearchLeadByLeadNumber_Test@78e117e3]" started-at="2021-05-09T19:40:46 PDT" name="setUp" finished-at="2021-05-09T19:40:54 PDT" duration-ms="8085" status="PASS">
          <reporter-output>
          </reporter-output>
        </test-method> <!-- setUp -->
        <test-method signature="searchLeadbyLeadNo()[pri:0, instance:com.crm.vtiger.TestCaseWithPom.TC_37_SearchLeadByLeadNumber_Test@78e117e3]" started-at="2021-05-09T19:40:54 PDT" name="searchLeadbyLeadNo" finished-at="2021-05-09T19:41:26 PDT" duration-ms="31756" status="PASS">
          <reporter-output>
            <line>
              <![CDATA[PASS :: Searched Lead Number is Displayed]]>
            </line>
          </reporter-output>
        </test-method> <!-- searchLeadbyLeadNo -->
        <test-method is-config="true" signature="tearDown()[pri:0, instance:com.crm.vtiger.TestCaseWithPom.TC_37_SearchLeadByLeadNumber_Test@78e117e3]" started-at="2021-05-09T19:41:26 PDT" name="tearDown" finished-at="2021-05-09T19:41:29 PDT" duration-ms="3040" status="PASS">
          <reporter-output>
          </reporter-output>
        </test-method> <!-- tearDown -->
        <test-method is-config="true" signature="configAC()[pri:0, instance:com.crm.vtiger.TestCaseWithPom.TC_37_SearchLeadByLeadNumber_Test@78e117e3]" started-at="2021-05-09T19:41:29 PDT" name="configAC" finished-at="2021-05-09T19:41:30 PDT" duration-ms="386" status="PASS">
          <reporter-output>
          </reporter-output>
        </test-method> <!-- configAC -->
        <test-method is-config="true" signature="configAT()[pri:0, instance:com.crm.vtiger.TestCaseWithPom.TC_37_SearchLeadByLeadNumber_Test@78e117e3]" started-at="2021-05-09T19:41:30 PDT" name="configAT" finished-at="2021-05-09T19:41:30 PDT" duration-ms="1" status="PASS">
          <reporter-output>
          </reporter-output>
        </test-method> <!-- configAT -->
        <test-method is-config="true" signature="configAS()[pri:0, instance:com.crm.vtiger.TestCaseWithPom.TC_37_SearchLeadByLeadNumber_Test@78e117e3]" started-at="2021-05-09T19:41:30 PDT" name="configAS" finished-at="2021-05-09T19:41:30 PDT" duration-ms="2" status="PASS">
          <reporter-output>
          </reporter-output>
        </test-method> <!-- configAS -->
      </class> <!-- com.crm.vtiger.TestCaseWithPom.TC_37_SearchLeadByLeadNumber_Test -->
    </test> <!-- Default test -->
  </suite> <!-- Default suite -->
</testng-results>
