<?xml version="1.0" encoding="UTF-8"?>
<!-- Generated by org.testng.reporters.JUnitXMLReporter -->
<testsuite ignored="17" hostname="DESKTOP-21J6DGF" failures="0" tests="4" name="Test" time="151.989" errors="0" timestamp="2021-05-04T15:46:56 PDT">
  <testcase classname="com.crm.vtiger.TestCase.Base.TC_37_SearchLeadByLeadNumber_Test" name="searchLeadbyLeadNo" time="28.151"/>
  <testcase classname="com.crm.vtiger.TestCase.Base.TC_40_SearchLeadByCompanyName_Test" name="searchLeadByCompanyName" time="22.913"/>
  <testcase classname="com.crm.vtiger.TestCase.Base.TC_38_SearchLeadByLastName_Test" name="searchLeadByLastName" time="23.524"/>
  <testcase classname="com.crm.vtiger.TestCase.Base.TC_39_SearchLeadByFirstName_Test" name="searchLeadByFirstName" time="21.928"/>
  <testcase classname="com.crm.vtiger.TestCase.Base.TC_36_ConvertLeadtoOpportunity_Test" name="convertLeadtoOpportunity" time="0.0">
    <ignored/>
  </testcase> <!-- convertLeadtoOpportunity -->
  <testcase classname="com.crm.vtiger.GenericUtils.BaseClass" name="@BeforeTest configBT" time="0.0">
    <ignored/>
  </testcase> <!-- @BeforeTest configBT -->
  <testcase classname="com.crm.vtiger.GenericUtils.BaseClass" name="@BeforeTest configBT" time="0.0">
    <ignored/>
  </testcase> <!-- @BeforeTest configBT -->
  <testcase classname="com.crm.vtiger.GenericUtils.BaseClass" name="@BeforeTest configBT" time="0.0">
    <ignored/>
  </testcase> <!-- @BeforeTest configBT -->
  <testcase classname="com.crm.vtiger.GenericUtils.BaseClass" name="@BeforeTest configBT" time="0.0">
    <ignored/>
  </testcase> <!-- @BeforeTest configBT -->
  <testcase classname="com.crm.vtiger.GenericUtils.BaseClass" name="@AfterSuite configAS" time="0.0">
    <ignored/>
  </testcase> <!-- @AfterSuite configAS -->
  <testcase classname="com.crm.vtiger.GenericUtils.BaseClass" name="@AfterSuite configAS" time="0.0">
    <ignored/>
  </testcase> <!-- @AfterSuite configAS -->
  <testcase classname="com.crm.vtiger.GenericUtils.BaseClass" name="@AfterSuite configAS" time="0.0">
    <ignored/>
  </testcase> <!-- @AfterSuite configAS -->
  <testcase classname="com.crm.vtiger.GenericUtils.BaseClass" name="@AfterSuite configAS" time="0.0">
    <ignored/>
  </testcase> <!-- @AfterSuite configAS -->
  <testcase classname="com.crm.vtiger.GenericUtils.BaseClass" name="@AfterTest configAT" time="0.0">
    <ignored/>
  </testcase> <!-- @AfterTest configAT -->
  <testcase classname="com.crm.vtiger.GenericUtils.BaseClass" name="@AfterTest configAT" time="0.0">
    <ignored/>
  </testcase> <!-- @AfterTest configAT -->
  <testcase classname="com.crm.vtiger.GenericUtils.BaseClass" name="@AfterTest configAT" time="0.0">
    <ignored/>
  </testcase> <!-- @AfterTest configAT -->
  <testcase classname="com.crm.vtiger.GenericUtils.BaseClass" name="@AfterTest configAT" time="0.0">
    <ignored/>
  </testcase> <!-- @AfterTest configAT -->
  <testcase classname="com.crm.vtiger.GenericUtils.BaseClass" name="@BeforeSuite configBS" time="0.0">
    <ignored/>
  </testcase> <!-- @BeforeSuite configBS -->
  <testcase classname="com.crm.vtiger.GenericUtils.BaseClass" name="@BeforeSuite configBS" time="0.0">
    <ignored/>
  </testcase> <!-- @BeforeSuite configBS -->
  <testcase classname="com.crm.vtiger.GenericUtils.BaseClass" name="@BeforeSuite configBS" time="0.0">
    <ignored/>
  </testcase> <!-- @BeforeSuite configBS -->
  <testcase classname="com.crm.vtiger.GenericUtils.BaseClass" name="@BeforeSuite configBS" time="0.0">
    <ignored/>
  </testcase> <!-- @BeforeSuite configBS -->
</testsuite> <!-- Test -->
